# Conditions read from  CMS_CONDITIONS  via FrontierProd 
DEBUG 2017-03-31 16:37:03,675: 	 Executing command: 'submit'
DEBUG 2017-03-31 16:37:03,678: 	 Found CRAB cache file /afs/cern.ch/user/m/mgrippo/.crab3
DEBUG 2017-03-31 16:37:03,695: 	 Checking credentials
DEBUG 2017-03-31 16:37:03,696: 	 Found proxy file /tmp/x509up_u9475
DEBUG 2017-03-31 16:37:03,696: 	 Getting proxy life time left
DEBUG 2017-03-31 16:37:05,143: 	 Executing : 
 command : voms-proxy-info -file /tmp/x509up_u9475 -timeleft
 output : 84899

 error: 
 retcode : 0
DEBUG 2017-03-31 16:37:06,474: 	 Executing : 
 command : voms-proxy-info -file /tmp/x509up_u9475 -actimeleft
 output : 84897

 error: 
 retcode : 0
DEBUG 2017-03-31 16:37:06,474: 	 Proxy valid for 23:34:59 hours
DEBUG 2017-03-31 16:37:06,482: 	 Will use CRAB Analysis plugin (i.e. will run an analysis job type).
DEBUG 2017-03-31 16:37:06,890: 	 Executing : 
 command : openssl x509 -in ~/.globus/usercert.pem -subject -noout
 output : subject= /DC=ch/DC=cern/OU=Organic Units/OU=Users/CN=mgrippo/CN=721669/CN=Maria Teresa Grippo

 error: 
 retcode : 0
DEBUG 2017-03-31 16:37:06,890: 	 Checking credentials
DEBUG 2017-03-31 16:37:06,891: 	 Found proxy file /tmp/x509up_u9475
DEBUG 2017-03-31 16:37:06,891: 	 Getting proxy life time left
DEBUG 2017-03-31 16:37:08,933: 	 Executing : 
 command : voms-proxy-info -file /tmp/x509up_u9475 -timeleft
 output : 84896

 error: 
 retcode : 0
DEBUG 2017-03-31 16:37:10,376: 	 Executing : 
 command : voms-proxy-info -file /tmp/x509up_u9475 -actimeleft
 output : 84893

 error: 
 retcode : 0
DEBUG 2017-03-31 16:37:10,376: 	 Proxy valid for 23:34:56 hours
DEBUG 2017-03-31 16:37:12,124: 	 Executing : 
 command : env X509_USER_PROXY=/tmp/x509up_u9475 voms-proxy-info -fqan
 output : /cms/Role=NULL/Capability=NULL
/cms/itcms/Role=NULL/Capability=NULL

 error: 
 retcode : 0
DEBUG 2017-03-31 16:37:12,792: 	 Registering user credentials for server /DC=ch/DC=cern/OU=computers/CN=vocms(045|052|021|031|0118|0118a|0119|0108|0105|0109).cern.ch
DEBUG 2017-03-31 16:37:13,033: 	 Executing : 
 command : openssl x509 -in ~/.globus/usercert.pem -subject -noout
 output : subject= /DC=ch/DC=cern/OU=Organic Units/OU=Users/CN=mgrippo/CN=721669/CN=Maria Teresa Grippo

 error: 
 retcode : 0
DEBUG 2017-03-31 16:37:13,033: 	 Getting myproxy life time left for myproxy.cern.ch
DEBUG 2017-03-31 16:37:13,034: 	 Calculating hash of /DC=ch/DC=cern/OU=Organic Units/OU=Users/CN=mgrippo/CN=721669/CN=Maria Teresa Grippo_cmsweb.cern.ch for credential name
DEBUG 2017-03-31 16:37:13,652: 	 Executing : 
 command : myproxy-info -l 16d83c914b56466fbf1cf50617e4b5e2888f73bc -s myproxy.cern.ch
 output : username: 16d83c914b56466fbf1cf50617e4b5e2888f73bc
owner: /DC=ch/DC=cern/OU=Organic Units/OU=Users/CN=mgrippo/CN=721669/CN=Maria Teresa Grippo
  renewal policy: /DC=ch/DC=cern/OU=computers/CN=vocms(045|052|021|031|0118|0118a|0119|0108|0105|0109).cern.ch
  trusted retrieval policy: /DC=ch/DC=cern/OU=computers/CN=vocms(045|052|021|031|0118|0118a|0119|0108|0105|0109).cern.ch
  timeleft: 503:35:10  (21.0 days)

 error: 
 retcode : 0
DEBUG 2017-03-31 16:37:13,654: 	 Myproxy is valid: 1812910
DEBUG 2017-03-31 16:37:13,654: 	 Command use: submit
DEBUG 2017-03-31 16:37:13,654: 	 Options use: ['--config', <WMCore.Configuration.Configuration object at 0x7f20faeaf250>]
DEBUG 2017-03-31 16:37:14,340: 	 CRABClient version: 3.3.1703
DEBUG 2017-03-31 16:37:14,340: 	 Instance is prod
DEBUG 2017-03-31 16:37:14,340: 	 Server base url is cmsweb.cern.ch
DEBUG 2017-03-31 16:37:14,340: 	 Command url /crabserver/prod/workflow
DEBUG 2017-03-31 16:37:14,340: 	 Started submission
DEBUG 2017-03-31 16:37:14,341: 	 Working on /afs/cern.ch/work/m/mgrippo/TauTrigger_2017_prod/CMSSW_8_0_25/src/h-tautau/Production/crab/work_area/crab_VBFHToTauTau_M125_13TeV
DEBUG 2017-03-31 16:37:15,468: 	 Loading required information from the environment
DEBUG 2017-03-31 16:37:15,469: 	 Found CMSSW_8_0_25 for slc6_amd64_gcc530 with base /afs/cern.ch/work/m/mgrippo/TauTrigger_2017_prod/CMSSW_8_0_25
DEBUG 2017-03-31 16:37:15,469: 	 Loading required information from the environment
DEBUG 2017-03-31 16:37:15,469: 	 Found CMSSW_8_0_25 for slc6_amd64_gcc530 with base /afs/cern.ch/work/m/mgrippo/TauTrigger_2017_prod/CMSSW_8_0_25
DEBUG 2017-03-31 16:37:15,559: 	 UNIQUE NAME: tarUUID ec687ad1-8171-4cf2-b7f6-5bb2d27a145f 
DEBUG 2017-03-31 16:37:15,560: 	 self.config: from WMCore.Configuration import Configuration
config = Configuration()
config.section_('General')
config.General.transferLogs = True
config.General.transferOutputs = True
config.General.workArea = 'work_area'
config.General.requestName = 'VBFHToTauTau_M125_13TeV'
config.section_('JobType')
config.JobType.psetName = '../python/Production.py'
config.JobType.pluginName = 'Analysis'
config.JobType.pyCfgParams = ['anaChannels=tauTau', 'applyTriggerMatch=True', 'sampleType=Spring16MC', 'ReRunJEC=False', 'globalTag=80X_mcRun2_asymptotic_2016_TrancheIV_v6', 'runSVfit=False', 'runKinFit=False', 'energyScales=Central', 'productionMode=h_tt_sm']
config.section_('Data')
config.Data.inputDataset = '/VBFHToTauTau_M125_13TeV_powheg_pythia8/manzoni-doubleTauTriggerOpenPt-f0f95fcb48a134c1be232a337d74828f/USER'
config.Data.inputDBS = 'global'
config.Data.publication = False
config.Data.unitsPerJob = 30
config.Data.splitting = 'EventAwareLumiBased'
config.Data.lumiMask = ''
config.Data.outLFNDirBase = '/store/group/phys_tau/mgrippo/tau_trigger_open_pt_VBF'
config.section_('Site')
config.Site.storageSite = 'T2_CH_CERN'
config.section_('User')
config.section_('Debug')

DEBUG 2017-03-31 16:37:15,560: 	 self.config.JobType.psetName: ../python/Production.py
INFO 2017-03-31 16:37:15,654: 	 Importing CMSSW configuration ../python/Production.py
DEBUG 2017-03-31 16:37:15,655: 	 Additional parameters for the CMSSW configuration are: ['anaChannels=tauTau', 'applyTriggerMatch=True', 'sampleType=Spring16MC', 'ReRunJEC=False', 'globalTag=80X_mcRun2_asymptotic_2016_TrancheIV_v6', 'runSVfit=False', 'runKinFit=False', 'energyScales=Central', 'productionMode=h_tt_sm']
INFO 2017-03-31 16:37:19,213: 	 Finished importing CMSSW configuration ../python/Production.py
DEBUG 2017-03-31 16:37:19,213: 	 Writing CMSSW configuration to /afs/cern.ch/work/m/mgrippo/TauTrigger_2017_prod/CMSSW_8_0_25/src/h-tautau/Production/crab/work_area/crab_VBFHToTauTau_M125_13TeV/inputs/PSet.py
DEBUG 2017-03-31 16:37:19,396: 	 The following EDM output files will be collected: []
DEBUG 2017-03-31 16:37:19,396: 	 The following TFile output files will be collected: ['eventTuple.root']
DEBUG 2017-03-31 16:37:19,396: 	 The following user output files will be collected: []
DEBUG 2017-03-31 16:37:19,396: 	 Loading required information from the environment
DEBUG 2017-03-31 16:37:19,396: 	 Found CMSSW_8_0_25 for slc6_amd64_gcc530 with base /afs/cern.ch/work/m/mgrippo/TauTrigger_2017_prod/CMSSW_8_0_25
DEBUG 2017-03-31 16:37:19,396: 	 Making tarball in /afs/cern.ch/work/m/mgrippo/TauTrigger_2017_prod/CMSSW_8_0_25/src/h-tautau/Production/crab/work_area/crab_VBFHToTauTau_M125_13TeV/inputs/ec687ad1-8171-4cf2-b7f6-5bb2d27a145fdefault.tgz
DEBUG 2017-03-31 16:37:20,328: 	 Checking directory /afs/cern.ch/work/m/mgrippo/TauTrigger_2017_prod/CMSSW_8_0_25/lib
DEBUG 2017-03-31 16:37:20,329: 	 Adding directory /afs/cern.ch/work/m/mgrippo/TauTrigger_2017_prod/CMSSW_8_0_25/lib to tarball
DEBUG 2017-03-31 16:37:21,970: 	 Checking directory /afs/cern.ch/work/m/mgrippo/TauTrigger_2017_prod/CMSSW_8_0_25/biglib
DEBUG 2017-03-31 16:37:21,970: 	 Adding directory /afs/cern.ch/work/m/mgrippo/TauTrigger_2017_prod/CMSSW_8_0_25/biglib to tarball
DEBUG 2017-03-31 16:37:21,977: 	 Checking directory /afs/cern.ch/work/m/mgrippo/TauTrigger_2017_prod/CMSSW_8_0_25/module
DEBUG 2017-03-31 16:37:22,540: 	 Adding data directory /afs/cern.ch/work/m/mgrippo/TauTrigger_2017_prod/CMSSW_8_0_25/src/TauAnalysis/SVfitStandalone/data to tarball
DEBUG 2017-03-31 16:37:22,587: 	 Adding data directory /afs/cern.ch/work/m/mgrippo/TauTrigger_2017_prod/CMSSW_8_0_25/src/TauAnalysis/SVfitStandalone/interface to tarball
DEBUG 2017-03-31 16:37:23,167: 	 Adding data directory /afs/cern.ch/work/m/mgrippo/TauTrigger_2017_prod/CMSSW_8_0_25/src/HHKinFit2/HHKinFit2/interface to tarball
DEBUG 2017-03-31 16:37:24,107: 	 Adding data directory /afs/cern.ch/work/m/mgrippo/TauTrigger_2017_prod/CMSSW_8_0_25/src/HTT-utilities/LepEffInterface/interface to tarball
DEBUG 2017-03-31 16:37:24,133: 	 Adding data directory /afs/cern.ch/work/m/mgrippo/TauTrigger_2017_prod/CMSSW_8_0_25/src/HTT-utilities/LepEffInterface/data to tarball
DEBUG 2017-03-31 16:37:28,074: 	 Adding data directory /afs/cern.ch/work/m/mgrippo/TauTrigger_2017_prod/CMSSW_8_0_25/src/HTT-utilities/RecoilCorrections/data to tarball
DEBUG 2017-03-31 16:37:28,966: 	 Adding data directory /afs/cern.ch/work/m/mgrippo/TauTrigger_2017_prod/CMSSW_8_0_25/src/HTT-utilities/RecoilCorrections/interface to tarball
DEBUG 2017-03-31 16:37:31,284: 	 Adding data directory /afs/cern.ch/work/m/mgrippo/TauTrigger_2017_prod/CMSSW_8_0_25/src/h-tautau/McCorrections/data to tarball
DEBUG 2017-03-31 16:37:32,092: 	 Adding data directory /afs/cern.ch/work/m/mgrippo/TauTrigger_2017_prod/CMSSW_8_0_25/src/h-tautau/Production/data to tarball
DEBUG 2017-03-31 16:37:32,137: 	 Adding data directory /afs/cern.ch/work/m/mgrippo/TauTrigger_2017_prod/CMSSW_8_0_25/src/h-tautau/Production/interface to tarball
DEBUG 2017-03-31 16:37:32,560: 	 Adding data directory /afs/cern.ch/work/m/mgrippo/TauTrigger_2017_prod/CMSSW_8_0_25/src/h-tautau/Studies/interface to tarball
DEBUG 2017-03-31 16:37:33,885: 	 Uploading archive /afs/cern.ch/work/m/mgrippo/TauTrigger_2017_prod/CMSSW_8_0_25/src/h-tautau/Production/crab/work_area/crab_VBFHToTauTau_M125_13TeV/inputs/ec687ad1-8171-4cf2-b7f6-5bb2d27a145fdefault.tgz (3.822266.1 MB) to the CRAB cache. Using URI https://cmsweb.cern.ch/crabcache
DEBUG 2017-03-31 16:37:35,866: 	 Loading required information from the environment
DEBUG 2017-03-31 16:37:35,866: 	 Found CMSSW_8_0_25 for slc6_amd64_gcc530 with base /afs/cern.ch/work/m/mgrippo/TauTrigger_2017_prod/CMSSW_8_0_25
DEBUG 2017-03-31 16:37:35,866: 	 Making tarball in /afs/cern.ch/work/m/mgrippo/TauTrigger_2017_prod/CMSSW_8_0_25/src/h-tautau/Production/crab/work_area/crab_VBFHToTauTau_M125_13TeV/inputs/debugFiles.tgz
DEBUG 2017-03-31 16:37:35,872: 	 Uploading archive /afs/cern.ch/work/m/mgrippo/TauTrigger_2017_prod/CMSSW_8_0_25/src/h-tautau/Production/crab/work_area/crab_VBFHToTauTau_M125_13TeV/inputs/debugFiles.tgz (4 KB) to the CRAB cache. Using URI https://cmsweb.cern.ch/crabcache
DEBUG 2017-03-31 16:37:36,447: 	 Result uploading input files: c12947320e5fb82cc8abf93d82f2c415bc8f4508a8ab3049fef2a34e18deb439.tar.gz 
INFO 2017-03-31 16:37:36,448: 	 Sending the request to the server
DEBUG 2017-03-31 16:37:36,448: 	 Submitting {'maxjobruntime': 1250, 'extrajdl': [], 'ignorelocality': 0, 'savelogsflag': 1, 'useparent': 0, 'asyncdest': 'T2_CH_CERN', 'algoargs': 30, 'cachefilename': 'c12947320e5fb82cc8abf93d82f2c415bc8f4508a8ab3049fef2a34e18deb439.tar.gz', 'numcores': 1, 'addoutputfiles': [], 'generator': 'pythia', 'maxmemory': 2000, 'publishdbsurl': 'https://cmsweb.cern.ch/dbs/prod/phys03/DBSWriter', 'priority': 10, 'jobsw': 'CMSSW_8_0_25', 'edmoutfiles': [], 'userfiles': [], 'primarydataset': '', 'inputdata': '/VBFHToTauTau_M125_13TeV_powheg_pythia8/manzoni-doubleTauTriggerOpenPt-f0f95fcb48a134c1be232a337d74828f/USER', 'lfn': '/store/group/phys_tau/mgrippo/tau_trigger_open_pt_VBF', 'dryrun': 0, 'workflow': 'crab_VBFHToTauTau_M125_13TeV', 'cacheurl': u'https://cmsweb.cern.ch/crabcache', 'nonprodsw': 0, 'tfileoutfiles': ['eventTuple.root'], 'oneEventMode': 0, 'debugfilename': 'da8569a92c16e0702266f2305fd737c99ed3fc71e6310b93ba467b473fefd1e3.tar.gz', 'saveoutput': 1, 'publication': 0, 'jobarch': 'slc6_amd64_gcc530', 'totalunits': 0, 'splitalgo': 'EventAwareLumiBased', 'ignoreglobalblacklist': 0, 'nonvaliddata': 0, 'dbsurl': 'https://cmsweb.cern.ch/dbs/prod/global/DBSReader', 'publishgroupname': 0, 'jobtype': 'Analysis', 'publishname2': ''} 
DEBUG 2017-03-31 16:37:36,448: 	 Encoded submit request: maxjobruntime=1250&ignorelocality=0&savelogsflag=1&useparent=0&asyncdest=T2_CH_CERN&algoargs=30&cachefilename=c12947320e5fb82cc8abf93d82f2c415bc8f4508a8ab3049fef2a34e18deb439.tar.gz&numcores=1&generator=pythia&maxmemory=2000&publishdbsurl=https%3A%2F%2Fcmsweb.cern.ch%2Fdbs%2Fprod%2Fphys03%2FDBSWriter&priority=10&jobsw=CMSSW_8_0_25&primarydataset=&inputdata=%2FVBFHToTauTau_M125_13TeV_powheg_pythia8%2Fmanzoni-doubleTauTriggerOpenPt-f0f95fcb48a134c1be232a337d74828f%2FUSER&lfn=%2Fstore%2Fgroup%2Fphys_tau%2Fmgrippo%2Ftau_trigger_open_pt_VBF&dryrun=0&workflow=crab_VBFHToTauTau_M125_13TeV&cacheurl=https%3A%2F%2Fcmsweb.cern.ch%2Fcrabcache&nonprodsw=0&oneEventMode=0&debugfilename=da8569a92c16e0702266f2305fd737c99ed3fc71e6310b93ba467b473fefd1e3.tar.gz&saveoutput=1&publication=0&jobarch=slc6_amd64_gcc530&totalunits=0&splitalgo=EventAwareLumiBased&ignoreglobalblacklist=0&nonvaliddata=0&dbsurl=https%3A%2F%2Fcmsweb.cern.ch%2Fdbs%2Fprod%2Fglobal%2FDBSReader&publishgroupname=0&jobtype=Analysis&publishname2=&tfileoutfiles=eventTuple.root
DEBUG 2017-03-31 16:37:37,253: 	 Result: {u'result': [{u'RequestName': u'170331_143736:mgrippo_crab_VBFHToTauTau_M125_13TeV'}]}
INFO 2017-03-31 16:37:37,274: 	 Success: Your task has been delivered to the CRAB3 server.
INFO 2017-03-31 16:37:37,274: 	 Task name: 170331_143736:mgrippo_crab_VBFHToTauTau_M125_13TeV
INFO 2017-03-31 16:37:37,274: 	 Please use 'crab status' to check how the submission process proceeds.
DEBUG 2017-03-31 16:37:37,274: 	 About to return
DEBUG 2017-03-31 16:38:01,031: 	 Executing command: 'status'
DEBUG 2017-03-31 16:38:01,032: 	 Found CRAB cache file /afs/cern.ch/user/m/mgrippo/.crab3
DEBUG 2017-03-31 16:38:01,045: 	 Checking credentials
DEBUG 2017-03-31 16:38:01,046: 	 Found proxy file /tmp/x509up_u9475
DEBUG 2017-03-31 16:38:01,046: 	 Getting proxy life time left
DEBUG 2017-03-31 16:38:02,410: 	 Executing : 
 command : voms-proxy-info -file /tmp/x509up_u9475 -timeleft
 output : 84842

 error: 
 retcode : 0
DEBUG 2017-03-31 16:38:03,953: 	 Executing : 
 command : voms-proxy-info -file /tmp/x509up_u9475 -actimeleft
 output : 84840

 error: 
 retcode : 0
DEBUG 2017-03-31 16:38:03,954: 	 Proxy valid for 23:34:02 hours
DEBUG 2017-03-31 16:38:04,189: 	 Executing : 
 command : openssl x509 -in ~/.globus/usercert.pem -subject -noout
 output : subject= /DC=ch/DC=cern/OU=Organic Units/OU=Users/CN=mgrippo/CN=721669/CN=Maria Teresa Grippo

 error: 
 retcode : 0
DEBUG 2017-03-31 16:38:04,189: 	 Checking credentials
DEBUG 2017-03-31 16:38:04,189: 	 Found proxy file /tmp/x509up_u9475
DEBUG 2017-03-31 16:38:04,190: 	 Getting proxy life time left
DEBUG 2017-03-31 16:38:05,728: 	 Executing : 
 command : voms-proxy-info -file /tmp/x509up_u9475 -timeleft
 output : 84839

 error: 
 retcode : 0
DEBUG 2017-03-31 16:38:07,184: 	 Executing : 
 command : voms-proxy-info -file /tmp/x509up_u9475 -actimeleft
 output : 84836

 error: 
 retcode : 0
DEBUG 2017-03-31 16:38:07,184: 	 Proxy valid for 23:33:59 hours
DEBUG 2017-03-31 16:38:07,829: 	 Registering user credentials for server /DC=ch/DC=cern/OU=computers/CN=vocms(045|052|021|031|0118|0118a|0119|0108|0105|0109).cern.ch
DEBUG 2017-03-31 16:38:07,951: 	 Executing : 
 command : openssl x509 -in ~/.globus/usercert.pem -subject -noout
 output : subject= /DC=ch/DC=cern/OU=Organic Units/OU=Users/CN=mgrippo/CN=721669/CN=Maria Teresa Grippo

 error: 
 retcode : 0
DEBUG 2017-03-31 16:38:07,952: 	 Getting myproxy life time left for myproxy.cern.ch
DEBUG 2017-03-31 16:38:07,952: 	 Calculating hash of /DC=ch/DC=cern/OU=Organic Units/OU=Users/CN=mgrippo/CN=721669/CN=Maria Teresa Grippo_cmsweb.cern.ch for credential name
DEBUG 2017-03-31 16:38:08,876: 	 Executing : 
 command : myproxy-info -l 16d83c914b56466fbf1cf50617e4b5e2888f73bc -s myproxy.cern.ch
 output : username: 16d83c914b56466fbf1cf50617e4b5e2888f73bc
owner: /DC=ch/DC=cern/OU=Organic Units/OU=Users/CN=mgrippo/CN=721669/CN=Maria Teresa Grippo
  renewal policy: /DC=ch/DC=cern/OU=computers/CN=vocms(045|052|021|031|0118|0118a|0119|0108|0105|0109).cern.ch
  trusted retrieval policy: /DC=ch/DC=cern/OU=computers/CN=vocms(045|052|021|031|0118|0118a|0119|0108|0105|0109).cern.ch
  timeleft: 503:34:15  (21.0 days)

 error: 
 retcode : 0
DEBUG 2017-03-31 16:38:08,878: 	 Myproxy is valid: 1812855
DEBUG 2017-03-31 16:38:08,878: 	 Command use: status
DEBUG 2017-03-31 16:38:08,878: 	 Options use: ['-d', 'work_area/crab_VBFHToTauTau_M125_13TeV/']
DEBUG 2017-03-31 16:38:09,381: 	 CRABClient version: 3.3.1703
DEBUG 2017-03-31 16:38:09,381: 	 Instance is prod
DEBUG 2017-03-31 16:38:09,381: 	 Server base url is cmsweb.cern.ch
DEBUG 2017-03-31 16:38:09,381: 	 Command url /crabserver/prod/workflow
DEBUG 2017-03-31 16:38:09,381: 	 Looking up detailed status of task 170331_143736:mgrippo_crab_VBFHToTauTau_M125_13TeV
DEBUG 2017-03-31 16:38:09,825: 	 {u'status': u'QUEUED', u'username': u'mgrippo', u'totalJobdefs': 0, u'jobsPerStatus': {}, u'taskWarningMsg': [], u'schedd': u'', u'statusFailureMsg': u'', u'taskFailureMsg': u'', u'failedJobdefs': 0, u'command': u'SUBMIT', u'submissionTime': 1490971057, u'jobdefErrors': [], u'collector': u'cmsgwms-collector-global.cern.ch:9620,cmssrv221.fnal.gov:9620', u'jobList': []}
INFO 2017-03-31 16:38:09,825: 	 CRAB project directory:		/afs/cern.ch/work/m/mgrippo/TauTrigger_2017_prod/CMSSW_8_0_25/src/h-tautau/Production/crab/work_area/crab_VBFHToTauTau_M125_13TeV
INFO 2017-03-31 16:38:09,826: 	 Task name:			170331_143736:mgrippo_crab_VBFHToTauTau_M125_13TeV
INFO 2017-03-31 16:38:09,826: 	 Task status:			QUEUED on command SUBMIT
INFO 2017-03-31 16:38:09,826: 	 Task URL to use for HELP:	https://cmsweb.cern.ch/crabserver/ui/task/170331_143736%3Amgrippo_crab_VBFHToTauTau_M125_13TeV
INFO 2017-03-31 16:38:09,828: 	 
No jobs created yet!
INFO 2017-03-31 16:38:09,840: 	 Log file is /afs/cern.ch/work/m/mgrippo/TauTrigger_2017_prod/CMSSW_8_0_25/src/h-tautau/Production/crab/work_area/crab_VBFHToTauTau_M125_13TeV/crab.log
DEBUG 2017-03-31 16:51:46,045: 	 Executing command: 'status'
DEBUG 2017-03-31 16:51:46,046: 	 Found CRAB cache file /afs/cern.ch/user/m/mgrippo/.crab3
DEBUG 2017-03-31 16:51:46,062: 	 Checking credentials
DEBUG 2017-03-31 16:51:46,063: 	 Found proxy file /tmp/x509up_u9475
DEBUG 2017-03-31 16:51:46,063: 	 Getting proxy life time left
DEBUG 2017-03-31 16:51:46,888: 	 Executing : 
 command : voms-proxy-info -file /tmp/x509up_u9475 -timeleft
 output : 84018

 error: 
 retcode : 0
DEBUG 2017-03-31 16:51:47,718: 	 Executing : 
 command : voms-proxy-info -file /tmp/x509up_u9475 -actimeleft
 output : 84016

 error: 
 retcode : 0
DEBUG 2017-03-31 16:51:47,718: 	 Proxy valid for 23:20:18 hours
DEBUG 2017-03-31 16:51:47,864: 	 Executing : 
 command : openssl x509 -in ~/.globus/usercert.pem -subject -noout
 output : subject= /DC=ch/DC=cern/OU=Organic Units/OU=Users/CN=mgrippo/CN=721669/CN=Maria Teresa Grippo

 error: 
 retcode : 0
DEBUG 2017-03-31 16:51:47,865: 	 Checking credentials
DEBUG 2017-03-31 16:51:47,865: 	 Found proxy file /tmp/x509up_u9475
DEBUG 2017-03-31 16:51:47,865: 	 Getting proxy life time left
DEBUG 2017-03-31 16:51:48,672: 	 Executing : 
 command : voms-proxy-info -file /tmp/x509up_u9475 -timeleft
 output : 84016

 error: 
 retcode : 0
DEBUG 2017-03-31 16:51:49,601: 	 Executing : 
 command : voms-proxy-info -file /tmp/x509up_u9475 -actimeleft
 output : 84014

 error: 
 retcode : 0
DEBUG 2017-03-31 16:51:49,602: 	 Proxy valid for 23:20:16 hours
DEBUG 2017-03-31 16:51:49,978: 	 Registering user credentials for server /DC=ch/DC=cern/OU=computers/CN=vocms(045|052|021|031|0118|0118a|0119|0108|0105|0109).cern.ch
DEBUG 2017-03-31 16:51:50,086: 	 Executing : 
 command : openssl x509 -in ~/.globus/usercert.pem -subject -noout
 output : subject= /DC=ch/DC=cern/OU=Organic Units/OU=Users/CN=mgrippo/CN=721669/CN=Maria Teresa Grippo

 error: 
 retcode : 0
DEBUG 2017-03-31 16:51:50,087: 	 Getting myproxy life time left for myproxy.cern.ch
DEBUG 2017-03-31 16:51:50,087: 	 Calculating hash of /DC=ch/DC=cern/OU=Organic Units/OU=Users/CN=mgrippo/CN=721669/CN=Maria Teresa Grippo_cmsweb.cern.ch for credential name
DEBUG 2017-03-31 16:51:50,390: 	 Executing : 
 command : myproxy-info -l 16d83c914b56466fbf1cf50617e4b5e2888f73bc -s myproxy.cern.ch
 output : username: 16d83c914b56466fbf1cf50617e4b5e2888f73bc
owner: /DC=ch/DC=cern/OU=Organic Units/OU=Users/CN=mgrippo/CN=721669/CN=Maria Teresa Grippo
  renewal policy: /DC=ch/DC=cern/OU=computers/CN=vocms(045|052|021|031|0118|0118a|0119|0108|0105|0109).cern.ch
  trusted retrieval policy: /DC=ch/DC=cern/OU=computers/CN=vocms(045|052|021|031|0118|0118a|0119|0108|0105|0109).cern.ch
  timeleft: 503:20:33  (21.0 days)

 error: 
 retcode : 0
DEBUG 2017-03-31 16:51:50,392: 	 Myproxy is valid: 1812033
DEBUG 2017-03-31 16:51:50,392: 	 Command use: status
DEBUG 2017-03-31 16:51:50,392: 	 Options use: ['-d', 'work_area/crab_VBFHToTauTau_M125_13TeV/']
DEBUG 2017-03-31 16:51:50,879: 	 CRABClient version: 3.3.1703
DEBUG 2017-03-31 16:51:50,880: 	 Instance is prod
DEBUG 2017-03-31 16:51:50,880: 	 Server base url is cmsweb.cern.ch
DEBUG 2017-03-31 16:51:50,880: 	 Command url /crabserver/prod/workflow
DEBUG 2017-03-31 16:51:50,880: 	 Looking up detailed status of task 170331_143736:mgrippo_crab_VBFHToTauTau_M125_13TeV
DEBUG 2017-03-31 16:51:51,332: 	 {u'status': u'SUBMITFAILED', u'username': u'mgrippo', u'totalJobdefs': 0, u'jobsPerStatus': {}, u'taskWarningMsg': [], u'schedd': u'', u'statusFailureMsg': u'', u'taskFailureMsg': u'Cannot find dataset /VBFHToTauTau_M125_13TeV_powheg_pythia8/manzoni-doubleTauTriggerOpenPt-f0f95fcb48a134c1be232a337d74828f/USER in prod/global DBS instance', u'failedJobdefs': 0, u'command': u'SUBMIT', u'submissionTime': 1490971057, u'jobdefErrors': [], u'collector': u'cmsgwms-collector-global.cern.ch:9620,cmssrv221.fnal.gov:9620', u'jobList': []}
INFO 2017-03-31 16:51:51,332: 	 CRAB project directory:		/afs/cern.ch/work/m/mgrippo/TauTrigger_2017_prod/CMSSW_8_0_25/src/h-tautau/Production/crab/work_area/crab_VBFHToTauTau_M125_13TeV
INFO 2017-03-31 16:51:51,333: 	 Task name:			170331_143736:mgrippo_crab_VBFHToTauTau_M125_13TeV
INFO 2017-03-31 16:51:51,333: 	 Task status:			SUBMITFAILED
INFO 2017-03-31 16:51:51,333: 	 Task URL to use for HELP:	https://cmsweb.cern.ch/crabserver/ui/task/170331_143736%3Amgrippo_crab_VBFHToTauTau_M125_13TeV
ERROR 2017-03-31 16:51:51,333: 	 Failure message:		Cannot find dataset /VBFHToTauTau_M125_13TeV_powheg_pythia8/manzoni-doubleTauTriggerOpenPt-f0f95fcb48a134c1be232a337d74828f/USER in prod/global DBS instance
INFO 2017-03-31 16:51:51,354: 	 Log file is /afs/cern.ch/work/m/mgrippo/TauTrigger_2017_prod/CMSSW_8_0_25/src/h-tautau/Production/crab/work_area/crab_VBFHToTauTau_M125_13TeV/crab.log
